<?xml version="1.0" encoding="UTF-8"?>
<!-- Generated by org.testng.reporters.JUnitReportReporter -->
<testsuite hostname="rajhansji" failures="0" tests="1" name="com.test.Youtube" time="10.886" errors="0" timestamp="2023-08-27T19:28:19 IST" skipped="0">
  <testcase classname="com.test.Youtube" name="test" time="10.886"/>
</testsuite> <!-- com.test.Youtube -->
