<?xml version="1.0" encoding="UTF-8"?>
<!-- Generated by org.testng.reporters.JUnitReportReporter -->
<testsuite hostname="rajhansji" failures="0" tests="1" name="com.test.TwoTabAtaTime" time="3.157" errors="0" timestamp="2023-08-27T19:40:41 IST" skipped="0">
  <testcase classname="com.test.TwoTabAtaTime" name="test" time="3.157"/>
</testsuite> <!-- com.test.TwoTabAtaTime -->
