<?xml version="1.0" encoding="UTF-8"?>
<!-- Generated by org.testng.reporters.JUnitReportReporter -->
<testsuite hostname="rajhansji" failures="0" tests="1" name="com.test.ScrollBar" time="13.391" errors="0" timestamp="2023-08-26T15:24:32 IST" skipped="0">
  <testcase classname="com.test.ScrollBar" name="test" time="13.391"/>
</testsuite> <!-- com.test.ScrollBar -->
