<?xml version="1.0" encoding="UTF-8"?>
<!-- Generated by org.testng.reporters.JUnitReportReporter -->
<testsuite hostname="rajhansji" failures="0" tests="1" name="com.test.MakeMyTrip" time="14.306" errors="0" timestamp="2023-08-26T16:02:42 IST" skipped="0">
  <testcase classname="com.test.MakeMyTrip" name="test" time="14.306"/>
</testsuite> <!-- com.test.MakeMyTrip -->
