<?xml version="1.0" encoding="UTF-8"?>
<!-- Generated by org.testng.reporters.JUnitReportReporter -->
<testsuite hostname="rajhansji" failures="0" tests="1" name="com.test.LinkedIn" time="9.106" errors="0" timestamp="2023-08-26T15:11:27 IST" skipped="0">
  <testcase classname="com.test.LinkedIn" name="test" time="9.106"/>
</testsuite> <!-- com.test.LinkedIn -->
