<?xml version="1.0" encoding="UTF-8"?>
<!-- Generated by org.testng.reporters.JUnitReportReporter -->
<testsuite hostname="rajhansji" failures="0" tests="1" name="com.test.Testing" time="13.018" errors="0" timestamp="2023-08-26T14:40:48 IST" skipped="0">
  <testcase classname="com.test.Testing" name="test" time="13.018"/>
</testsuite> <!-- com.test.Testing -->
